<?xml version="1.0" encoding="UTF-8"?>
<!-- Generated by org.testng.reporters.JUnitXMLReporter -->
<testsuite hostname="SHI58495EU1322F" ignored="1" name="Test" tests="1" failures="0" timestamp="12 May 2021 12:18:29 GMT" time="2082.37" errors="0">
  <testcase name="createAnAccountButtonIsDisabledOrNotTest" time="2082.327" classname="tests.CreateAnAccountPageTest"/>
  <testcase name="createAnAccountOnMypediaWithDiffTypeOfDataTest" time="0.0" classname="tests.CreateAnAccountPageTest">
    <ignored/>
  </testcase> <!-- createAnAccountOnMypediaWithDiffTypeOfDataTest -->
</testsuite> <!-- Test -->
